<?xml version="1.0" encoding="UTF-8"?>
<!-- Generated by org.testng.reporters.JUnitXMLReporter -->
<testsuite hostname="priyankas-air" ignored="0" name="Command line test" tests="8" failures="0" timestamp="22 Apr 2019 04:55:09 GMT" time="96.5" errors="0">
  <testcase name="verifyTitleOfHomePageTest" time="0.026" classname="com.crm.qa.testcases.HomePageTest"/>
  <testcase name="validateLoginPageTitleTest" time="0.015" classname="com.crm.qa.testcases.LoginPageTest"/>
  <testcase name="createNewContactTest" time="6.655" classname="com.crm.qa.testcases.ContactsPageTest"/>
  <testcase name="createNewContactTest" time="5.719" classname="com.crm.qa.testcases.ContactsPageTest"/>
  <testcase name="createNewContactTest" time="6.065" classname="com.crm.qa.testcases.ContactsPageTest"/>
  <testcase name="createNewContactTest" time="6.509" classname="com.crm.qa.testcases.ContactsPageTest"/>
  <testcase name="verifyUserIDTest" time="1.95" classname="com.crm.qa.testcases.HomePageTest"/>
  <testcase name="login" time="0.638" classname="com.crm.qa.testcases.LoginPageTest"/>
</testsuite> <!-- Command line test -->
