<?xml version="1.0" encoding="UTF-8"?>
<testng-results skipped="0" failed="0" ignored="0" total="8" passed="8">
  <reporter-output>
  </reporter-output>
  <suite name="Command line suite" duration-ms="96500" started-at="2019-04-22T04:53:31Z" finished-at="2019-04-22T04:55:08Z">
    <groups>
    </groups>
    <test name="Command line test" duration-ms="96500" started-at="2019-04-22T04:53:31Z" finished-at="2019-04-22T04:55:08Z">
      <class name="com.crm.qa.testcases.HomePageTest">
        <test-method status="PASS" signature="setup()[pri:0, instance:com.crm.qa.testcases.HomePageTest@180bc464]" name="setup" is-config="true" duration-ms="10448" started-at="2019-04-22T14:53:32Z" finished-at="2019-04-22T14:53:42Z">
          <reporter-output>
          </reporter-output>
        </test-method> <!-- setup -->
        <test-method status="PASS" signature="verifyTitleOfHomePageTest()[pri:1, instance:com.crm.qa.testcases.HomePageTest@180bc464]" name="verifyTitleOfHomePageTest" duration-ms="26" started-at="2019-04-22T14:53:42Z" finished-at="2019-04-22T14:53:42Z">
          <reporter-output>
          </reporter-output>
        </test-method> <!-- verifyTitleOfHomePageTest -->
        <test-method status="PASS" signature="setup()[pri:0, instance:com.crm.qa.testcases.HomePageTest@180bc464]" name="setup" is-config="true" duration-ms="7282" started-at="2019-04-22T14:54:51Z" finished-at="2019-04-22T14:54:58Z">
          <reporter-output>
          </reporter-output>
        </test-method> <!-- setup -->
        <test-method status="PASS" signature="verifyUserIDTest()[pri:2, instance:com.crm.qa.testcases.HomePageTest@180bc464]" name="verifyUserIDTest" duration-ms="1950" started-at="2019-04-22T14:54:58Z" finished-at="2019-04-22T14:55:00Z">
          <reporter-output>
          </reporter-output>
        </test-method> <!-- verifyUserIDTest -->
      </class> <!-- com.crm.qa.testcases.HomePageTest -->
      <class name="com.crm.qa.testcases.ContactsPageTest">
        <test-method status="PASS" signature="setup()[pri:0, instance:com.crm.qa.testcases.ContactsPageTest@735f7ae5]" name="setup" is-config="true" duration-ms="9971" started-at="2019-04-22T14:53:49Z" finished-at="2019-04-22T14:53:59Z">
          <reporter-output>
          </reporter-output>
        </test-method> <!-- setup -->
        <test-method status="PASS" signature="createNewContactTest(java.lang.String, java.lang.String, java.lang.String, java.lang.String)[pri:2, instance:com.crm.qa.testcases.ContactsPageTest@735f7ae5]" name="createNewContactTest" duration-ms="6655" started-at="2019-04-22T14:53:59Z" data-provider="getCRMTestData" finished-at="2019-04-22T14:54:06Z">
          <params>
            <param index="0">
              <value>
                <![CDATA[Chair]]>
              </value>
            </param>
            <param index="1">
              <value>
                <![CDATA[desk]]>
              </value>
            </param>
            <param index="2">
              <value>
                <![CDATA[Google]]>
              </value>
            </param>
            <param index="3">
              <value>
                <![CDATA[Chair.desk@gmail.com]]>
              </value>
            </param>
          </params>
          <reporter-output>
          </reporter-output>
        </test-method> <!-- createNewContactTest -->
        <test-method status="PASS" signature="setup()[pri:0, instance:com.crm.qa.testcases.ContactsPageTest@735f7ae5]" name="setup" is-config="true" duration-ms="9128" started-at="2019-04-22T14:54:06Z" finished-at="2019-04-22T14:54:15Z">
          <reporter-output>
          </reporter-output>
        </test-method> <!-- setup -->
        <test-method status="PASS" signature="createNewContactTest(java.lang.String, java.lang.String, java.lang.String, java.lang.String)[pri:2, instance:com.crm.qa.testcases.ContactsPageTest@735f7ae5]" name="createNewContactTest" duration-ms="5719" started-at="2019-04-22T14:54:15Z" data-provider="getCRMTestData" finished-at="2019-04-22T14:54:21Z">
          <params>
            <param index="0">
              <value>
                <![CDATA[Sofa]]>
              </value>
            </param>
            <param index="1">
              <value>
                <![CDATA[bed]]>
              </value>
            </param>
            <param index="2">
              <value>
                <![CDATA[Amazon]]>
              </value>
            </param>
            <param index="3">
              <value>
                <![CDATA[Sofa.bed@gmail.com]]>
              </value>
            </param>
          </params>
          <reporter-output>
          </reporter-output>
        </test-method> <!-- createNewContactTest -->
        <test-method status="PASS" signature="setup()[pri:0, instance:com.crm.qa.testcases.ContactsPageTest@735f7ae5]" name="setup" is-config="true" duration-ms="8533" started-at="2019-04-22T14:54:21Z" finished-at="2019-04-22T14:54:29Z">
          <reporter-output>
          </reporter-output>
        </test-method> <!-- setup -->
        <test-method status="PASS" signature="createNewContactTest(java.lang.String, java.lang.String, java.lang.String, java.lang.String)[pri:2, instance:com.crm.qa.testcases.ContactsPageTest@735f7ae5]" name="createNewContactTest" duration-ms="6065" started-at="2019-04-22T14:54:29Z" data-provider="getCRMTestData" finished-at="2019-04-22T14:54:35Z">
          <params>
            <param index="0">
              <value>
                <![CDATA[Fridge]]>
              </value>
            </param>
            <param index="1">
              <value>
                <![CDATA[cooler]]>
              </value>
            </param>
            <param index="2">
              <value>
                <![CDATA[LinkedIn]]>
              </value>
            </param>
            <param index="3">
              <value>
                <![CDATA[Fridge.cooler@gmail.com]]>
              </value>
            </param>
          </params>
          <reporter-output>
          </reporter-output>
        </test-method> <!-- createNewContactTest -->
        <test-method status="PASS" signature="setup()[pri:0, instance:com.crm.qa.testcases.ContactsPageTest@735f7ae5]" name="setup" is-config="true" duration-ms="9257" started-at="2019-04-22T14:54:35Z" finished-at="2019-04-22T14:54:45Z">
          <reporter-output>
          </reporter-output>
        </test-method> <!-- setup -->
        <test-method status="PASS" signature="createNewContactTest(java.lang.String, java.lang.String, java.lang.String, java.lang.String)[pri:2, instance:com.crm.qa.testcases.ContactsPageTest@735f7ae5]" name="createNewContactTest" duration-ms="6509" started-at="2019-04-22T14:54:45Z" data-provider="getCRMTestData" finished-at="2019-04-22T14:54:51Z">
          <params>
            <param index="0">
              <value>
                <![CDATA[TV]]>
              </value>
            </param>
            <param index="1">
              <value>
                <![CDATA[Computer]]>
              </value>
            </param>
            <param index="2">
              <value>
                <![CDATA[Facebook]]>
              </value>
            </param>
            <param index="3">
              <value>
                <![CDATA[TV.Computer@gmail.com]]>
              </value>
            </param>
          </params>
          <reporter-output>
          </reporter-output>
        </test-method> <!-- createNewContactTest -->
      </class> <!-- com.crm.qa.testcases.ContactsPageTest -->
      <class name="com.crm.qa.testcases.LoginPageTest">
        <test-method status="PASS" signature="setup()[pri:0, instance:com.crm.qa.testcases.LoginPageTest@1324409e]" name="setup" is-config="true" duration-ms="6910" started-at="2019-04-22T14:53:42Z" finished-at="2019-04-22T14:53:49Z">
          <reporter-output>
          </reporter-output>
        </test-method> <!-- setup -->
        <test-method status="PASS" signature="validateLoginPageTitleTest()[pri:1, instance:com.crm.qa.testcases.LoginPageTest@1324409e]" name="validateLoginPageTitleTest" duration-ms="15" started-at="2019-04-22T14:53:49Z" finished-at="2019-04-22T14:53:49Z">
          <reporter-output>
          </reporter-output>
        </test-method> <!-- validateLoginPageTitleTest -->
        <test-method status="PASS" signature="setup()[pri:0, instance:com.crm.qa.testcases.LoginPageTest@1324409e]" name="setup" is-config="true" duration-ms="6896" started-at="2019-04-22T14:55:00Z" finished-at="2019-04-22T14:55:07Z">
          <reporter-output>
          </reporter-output>
        </test-method> <!-- setup -->
        <test-method status="PASS" signature="login()[pri:2, instance:com.crm.qa.testcases.LoginPageTest@1324409e]" name="login" duration-ms="638" started-at="2019-04-22T14:55:07Z" finished-at="2019-04-22T14:55:08Z">
          <reporter-output>
          </reporter-output>
        </test-method> <!-- login -->
      </class> <!-- com.crm.qa.testcases.LoginPageTest -->
    </test> <!-- Command line test -->
  </suite> <!-- Command line suite -->
</testng-results>
