<?xml version="1.0" encoding="UTF-8"?>
<!-- Generated by org.testng.reporters.JUnitXMLReporter -->
<testsuite hostname="priyankas-air" ignored="0" name="Test" tests="4" failures="0" timestamp="21 Apr 2019 14:05:21 GMT" time="62.95" errors="0">
  <testcase name="createNewContactTest" time="5.774" classname="com.crm.qa.testcases.ContactsPageTest"/>
  <testcase name="createNewContactTest" time="5.617" classname="com.crm.qa.testcases.ContactsPageTest"/>
  <testcase name="createNewContactTest" time="6.04" classname="com.crm.qa.testcases.ContactsPageTest"/>
  <testcase name="createNewContactTest" time="6.277" classname="com.crm.qa.testcases.ContactsPageTest"/>
</testsuite> <!-- Test -->
